<?xml version="1.0" encoding="UTF-8"?>
<!-- Generated by org.testng.reporters.JUnitReportReporter -->
<testsuite hostname="5420-TI13428" failures="0" tests="1" name="com.selenium.practice.main.practiceSelenium" time="8.143" errors="0" timestamp="2023-05-26T12:23:32 IST" skipped="0">
  <testcase classname="com.selenium.practice.main.practiceSelenium" name="testfunc" time="8.143"/>
  <system-out/>
</testsuite> <!-- com.selenium.practice.main.practiceSelenium -->
